#-----------------------------------------------------------
# Vivado v2020.2 (64-bit)
# SW Build 3064766 on Wed Nov 18 09:12:45 MST 2020
# IP Build 3064653 on Wed Nov 18 14:17:31 MST 2020
# Start of session at: Mon May  3 11:28:27 2021
# Process ID: 7256
# Current directory: D:/DG/VUT/4semester/DE1/project_2.5.2021/project
# Command line: vivado.exe -gui_launcher_event rodinguilauncherevent1492 D:\DG\VUT\4semester\DE1\project_2.5.2021\project\project.xpr
# Log file: D:/DG/VUT/4semester/DE1/project_2.5.2021/project/vivado.log
# Journal file: D:/DG/VUT/4semester/DE1/project_2.5.2021/project\vivado.jou
#-----------------------------------------------------------
sstart_guioopen_project D:/DG/VUT/4semester/DE1/project_2.5.2021/project/project.xprINFO: [Project 1-313] Project file moved from 'D:/DG/VUT/4semester/DE1/project_28.4.2021/project' since last save.
WWARNING: [filemgmt 56-2] Default IP Output Path : Could not find the directory 'D:/DG/VUT/4semester/DE1/project_2.5.2021/project/project.gen/sources_1', nor could it be found using path 'D:/DG/VUT/4semester/DE1/project_28.4.2021/project/project.gen/sources_1'.Scanning sources...
Finished scanning sources
IINFO: [IP_Flow 19-234] Refreshing IP repositories
INFO: [IP_Flow 19-1704] No user IP repositories specifiedIINFO: [IP_Flow 19-2313] Loaded Vivado IP repository 'D:/DG/VUT/Programy/Xilinx/Vivado/2020.2/data/ip'.open_project: Time (s): cpu = 00:00:12 ; elapsed = 00:00:13 . Memory (MB): peak = 984.941 ; gain = 0.000
update_compile_order -fileset sources_1
open_hw_manager
close_hw_manager
exit
INFO: [Common 17-206] Exiting Vivado at Mon May  3 12:21:18 2021...
: [filemgmt 56-326] User Interrupt. Could not getCurrentGraph()
