#-----------------------------------------------------------
# Vivado v2020.2 (64-bit)
# SW Build 3064766 on Wed Nov 18 09:12:45 MST 2020
# IP Build 3064653 on Wed Nov 18 14:17:31 MST 2020
# Start of session at: Sun May  2 21:00:56 2021
# Process ID: 13572
# Current directory: D:/DG/VUT/4semester/DE1/project_28.4.2021/project
# Command line: vivado.exe -gui_launcher_event rodinguilauncherevent9576 D:\DG\VUT\4semester\DE1\project_28.4.2021\project\project.xpr
# Log file: D:/DG/VUT/4semester/DE1/project_28.4.2021/project/vivado.log
# Journal file: D:/DG/VUT/4semester/DE1/project_28.4.2021/project\vivado.jou
#-----------------------------------------------------------
start_gui
open_project D:/DG/VUT/4semester/DE1/project_28.4.2021/project/project.xpr
WARNING: [filemgmt 56-3] Default IP Output Path : Could not find the directory 'D:/DG/VUT/4semester/DE1/project_28.4.2021/project/project.gen/sources_1'.
Scanning sources...
Finished scanning sources
INFO: [IP_Flow 19-234] Refreshing IP repositories
INFO: [IP_Flow 19-1704] No user IP repositories specified
INFO: [IP_Flow 19-2313] Loaded Vivado IP repository 'D:/DG/VUT/Programy/Xilinx/Vivado/2020.2/data/ip'.
update_compile_order -fileset sources_1
exit
INFO: [Common 17-206] Exiting Vivado at Sun May  2 21:01:21 2021...
